# grouping_ablation_experiment
# dataset(s)=nsl_kdd
# scope=sample
# seed=0
# anomaly_samples(used when scope=sample)=2
# time=2026-04-10T17:25:12

Variants:
  coarse: fewer, merged behavior groups
  baseline: current NSL config / NetML regex rules
  fine: more groups (NSL splits rates/volume; NetML splits timing)

# nsl_path=C:\Feature_Dev\Dataset\KDDTest.csv rows=22544

========================================================================
# Dataset: nsl_kdd
# slice: sample
# Same anomaly rows (indices): [np.int64(19160), np.int64(14304)]
========================================================================

### Variant: coarse (3 behavior groups, 38 features mapped)
### Group -> features:
  - Connection and protocol: 19 features
  - Host access / shell: 14 features
  - Volume and timing: 5 features

=== 정상 기준: feature 평균(일부) ===
duration               47.068376
src_bytes            2530.512512
dst_bytes            4165.124601
land                    0.000000
wrong_fragment          0.012975
urgent                  0.000000
hot                     0.051385
num_failed_logins       0.001133
logged_in               0.756874
num_compromised         0.189270
root_shell              0.001854
su_attempted            0.000515

=== Behavior score 분위수 (정상 분포 기준) ===
  Connection and protocol: p90=20.57, p99=56.95
  Host access / shell: p90=0.08757, p99=0.1215
  Volume and timing: p90=1588, p99=9141

=== 이상 샘플 예시: feature-level vs behavior-level ===

--- 샘플 1 | label=neptune ---
Feature explanation (상위 deviation):
  dst_bytes dev=4165, src_bytes dev=2531, dst_host_srv_count dev=207, count dev=183.5, dst_host_count dev=99.16, duration dev=47.07
Proposed (behavior deviation):
  Connection and protocol: 27.72 → ↑
  Host access / shell: 0.08757 → ↑
  Volume and timing: 1349 → normal

--- 샘플 2 | label=neptune ---
Feature explanation (상위 deviation):
  dst_bytes dev=4165, src_bytes dev=2531, dst_host_srv_count dev=214, count dev=182.5, dst_host_count dev=99.16, duration dev=47.07
Proposed (behavior deviation):
  Connection and protocol: 28.4 → ↑
  Host access / shell: 0.08757 → ↑
  Volume and timing: 1349 → normal

### Variant: baseline (5 behavior groups, 38 features mapped)
### Group -> features:
  - Connection intensity: 6 features
  - Data volume: 4 features
  - Host access / shell: 14 features
  - Protocol / error rates: 13 features
  - Timing pattern: 1 features

=== 정상 기준: feature 평균(일부) ===
duration               47.068376
src_bytes            2530.512512
dst_bytes            4165.124601
land                    0.000000
wrong_fragment          0.012975
urgent                  0.000000
hot                     0.051385
num_failed_logins       0.001133
logged_in               0.756874
num_compromised         0.189270
root_shell              0.001854
su_attempted            0.000515

=== Behavior score 분위수 (정상 분포 기준) ===
  Connection intensity: p90=64.77, p99=180.2
  Data volume: p90=1931, p99=1.096e+04
  Host access / shell: p90=0.08757, p99=0.1215
  Protocol / error rates: p90=0.07969, p99=0.3229
  Timing pattern: p90=47.07, p99=47.07

=== 이상 샘플 예시: feature-level vs behavior-level ===

--- 샘플 1 | label=neptune ---
Feature explanation (상위 deviation):
  dst_bytes dev=4165, src_bytes dev=2531, dst_host_srv_count dev=207, count dev=183.5, dst_host_count dev=99.16, duration dev=47.07
Proposed (behavior deviation):
  Connection intensity: 86.77 → ↑
  Data volume: 1674 → normal
  Host access / shell: 0.08757 → ↑
  Protocol / error rates: 0.4603 → ↑↑
  Timing pattern: 47.07 → ↑↑

--- 샘플 2 | label=neptune ---
Feature explanation (상위 deviation):
  dst_bytes dev=4165, src_bytes dev=2531, dst_host_srv_count dev=214, count dev=182.5, dst_host_count dev=99.16, duration dev=47.07
Proposed (behavior deviation):
  Connection intensity: 88.94 → ↑
  Data volume: 1674 → normal
  Host access / shell: 0.08757 → ↑
  Protocol / error rates: 0.4642 → ↑↑
  Timing pattern: 47.07 → ↑↑

### Variant: fine (7 behavior groups, 38 features mapped)
### Group -> features:
  - Byte volume: 2 features
  - Connection intensity: 6 features
  - Error rates: 8 features
  - Host access / shell: 14 features
  - Packet-level signals: 2 features
  - Service / diversity rates: 5 features
  - Timing (duration): 1 features

=== 정상 기준: feature 평균(일부) ===
duration               47.068376
src_bytes            2530.512512
dst_bytes            4165.124601
land                    0.000000
wrong_fragment          0.012975
urgent                  0.000000
hot                     0.051385
num_failed_logins       0.001133
logged_in               0.756874
num_compromised         0.189270
root_shell              0.001854
su_attempted            0.000515

=== Behavior score 분위수 (정상 분포 기준) ===
  Byte volume: p90=3862, p99=2.192e+04
  Connection intensity: p90=64.77, p99=180.2
  Error rates: p90=0.006981, p99=0.1962
  Host access / shell: p90=0.08757, p99=0.1215
  Packet-level signals: p90=0.006487, p99=0.006487
  Service / diversity rates: p90=0.1864, p99=0.6613
  Timing (duration): p90=47.07, p99=47.07

=== 이상 샘플 예시: feature-level vs behavior-level ===

--- 샘플 1 | label=neptune ---
Feature explanation (상위 deviation):
  dst_bytes dev=4165, src_bytes dev=2531, dst_host_srv_count dev=207, count dev=183.5, dst_host_count dev=99.16, duration dev=47.07
Proposed (behavior deviation):
  Byte volume: 3348 → normal
  Connection intensity: 86.77 → ↑
  Error rates: 0.4933 → ↑↑
  Host access / shell: 0.08757 → ↑
  Packet-level signals: 0.006487 → ↑↑
  Service / diversity rates: 0.4076 → ↑
  Timing (duration): 47.07 → ↑↑

--- 샘플 2 | label=neptune ---
Feature explanation (상위 deviation):
  dst_bytes dev=4165, src_bytes dev=2531, dst_host_srv_count dev=214, count dev=182.5, dst_host_count dev=99.16, duration dev=47.07
Proposed (behavior deviation):
  Byte volume: 3348 → normal
  Connection intensity: 88.94 → ↑
  Error rates: 0.4946 → ↑↑
  Host access / shell: 0.08757 → ↑
  Packet-level signals: 0.006487 → ↑↑
  Service / diversity rates: 0.4156 → ↑
  Timing (duration): 47.07 → ↑↑

========================================================================
# COMPARISON (same rows across variants)
# n_elevated = count of behavior groups with ↑ or ↑↑ for that sample.
========================================================================

--- Row index 19160 ---
  coarse        n_elevated=2  |  --- 샘플 1 | label=neptune ---
  baseline      n_elevated=4  |  --- 샘플 1 | label=neptune ---
  fine          n_elevated=6  |  --- 샘플 1 | label=neptune ---
  spread(max-min)=4  (0 => identical elevation count across variants)

--- Row index 14304 ---
  coarse        n_elevated=2  |  --- 샘플 2 | label=neptune ---
  baseline      n_elevated=4  |  --- 샘플 2 | label=neptune ---
  fine          n_elevated=6  |  --- 샘플 2 | label=neptune ---
  spread(max-min)=4  (0 => identical elevation count across variants)
