# grouping_ablation_experiment
# dataset(s)=netml
# seed=0
# anomaly_samples=2
# time=2026-04-10T16:16:49

Variants:
  coarse: fewer, merged behavior groups
  baseline: current NSL config / NetML regex rules
  fine: more groups (NSL splits rates/volume; NetML splits timing)

# netml_path=C:\Feature_Dev\Dataset\netML_dataset.csv rows=5020

========================================================================
# Dataset: netml
# Same anomaly rows (indices): [np.int64(4944), np.int64(4837)]
========================================================================

### Variant: coarse (3 behavior groups, 80 features mapped)
### Group -> features:
  - Flow and protocol: 13 features
  - Other features: 9 features
  - Volume and timing: 58 features

=== 정상 기준: feature 평균(일부) ===
Source Port                    4.979516e+04
Destination Port               6.502855e+02
Protocol                       6.128818e+00
Flow Duration                  1.739193e+07
Total Fwd Packets              1.315051e+01
Total Backward Packets         1.387782e+01
Total Length of Fwd Packets    1.586926e+03
Total Length of Bwd Packets    1.726205e+04
Fwd Packet Length Max          3.653147e+02
Fwd Packet Length Min          2.085879e+00
Fwd Packet Length Mean         8.628973e+01
Fwd Packet Length Std          1.334744e+02

=== Behavior score 분위수 (정상 분포 기준) ===
  Flow and protocol: p90=0.1313, p99=0.9151
  Other features: p90=8.719e+04, p99=2.182e+06
  Volume and timing: p90=8.246e+06, p99=1.139e+07

=== 이상 샘플 예시: feature-level vs behavior-level ===

--- 샘플 1 | label=anomaly ---
Feature explanation (상위 deviation):
  Flow Duration dev=1.713e+07, Fwd IAT Total dev=1.584e+07, Bwd IAT Total dev=1.424e+07, Flow IAT Max dev=1.033e+07, Fwd IAT Max dev=9.518e+06, Bwd IAT Max dev=7.592e+06
Proposed (behavior deviation):
  Flow and protocol: 0.04825 → normal
  Other features: 8.721e+04 → ↑
  Volume and timing: 1.985e+06 → normal

--- 샘플 2 | label=anomaly ---
Feature explanation (상위 deviation):
  Bwd IAT Total dev=7.777e+07, Fwd IAT Total dev=7.608e+07, Flow Duration dev=7.481e+07, Idle Min dev=3.962e+07, Idle Mean dev=3.864e+07, Idle Max dev=3.773e+07
Proposed (behavior deviation):
  Flow and protocol: 0.04825 → normal
  Other features: 4.671e+05 → ↑
  Volume and timing: 8.823e+06 → ↑

### Variant: baseline (4 behavior groups, 80 features mapped)
### Group -> features:
  - Data volume: 39 features
  - Other features: 9 features
  - Protocol / flags: 13 features
  - Timing pattern: 19 features

=== 정상 기준: feature 평균(일부) ===
Source Port                    4.979516e+04
Destination Port               6.502855e+02
Protocol                       6.128818e+00
Flow Duration                  1.739193e+07
Total Fwd Packets              1.315051e+01
Total Backward Packets         1.387782e+01
Total Length of Fwd Packets    1.586926e+03
Total Length of Bwd Packets    1.726205e+04
Fwd Packet Length Max          3.653147e+02
Fwd Packet Length Min          2.085879e+00
Fwd Packet Length Mean         8.628973e+01
Fwd Packet Length Std          1.334744e+02

=== Behavior score 분위수 (정상 분포 기준) ===
  Data volume: p90=2.576e+04, p99=2.596e+05
  Other features: p90=8.719e+04, p99=2.182e+06
  Protocol / flags: p90=0.1313, p99=0.9151
  Timing pattern: p90=2.499e+07, p99=3.472e+07

=== 이상 샘플 예시: feature-level vs behavior-level ===

--- 샘플 1 | label=anomaly ---
Feature explanation (상위 deviation):
  Flow Duration dev=1.713e+07, Fwd IAT Total dev=1.584e+07, Bwd IAT Total dev=1.424e+07, Flow IAT Max dev=1.033e+07, Fwd IAT Max dev=9.518e+06, Bwd IAT Max dev=7.592e+06
Proposed (behavior deviation):
  Data volume: 1.65e+04 → normal
  Other features: 8.721e+04 → ↑
  Protocol / flags: 0.04825 → normal
  Timing pattern: 6.026e+06 → normal

--- 샘플 2 | label=anomaly ---
Feature explanation (상위 deviation):
  Bwd IAT Total dev=7.777e+07, Fwd IAT Total dev=7.608e+07, Flow Duration dev=7.481e+07, Idle Min dev=3.962e+07, Idle Mean dev=3.864e+07, Idle Max dev=3.773e+07
Proposed (behavior deviation):
  Data volume: 1.492e+04 → normal
  Other features: 4.671e+05 → ↑
  Protocol / flags: 0.04825 → normal
  Timing pattern: 2.69e+07 → ↑

### Variant: fine (6 behavior groups, 80 features mapped)
### Group -> features:
  - Data volume: 39 features
  - Flow duration: 1 features
  - IAT timing: 14 features
  - Idle / active timing: 4 features
  - Other features: 9 features
  - Protocol / flags: 13 features

=== 정상 기준: feature 평균(일부) ===
Source Port                    4.979516e+04
Destination Port               6.502855e+02
Protocol                       6.128818e+00
Flow Duration                  1.739193e+07
Total Fwd Packets              1.315051e+01
Total Backward Packets         1.387782e+01
Total Length of Fwd Packets    1.586926e+03
Total Length of Bwd Packets    1.726205e+04
Fwd Packet Length Max          3.653147e+02
Fwd Packet Length Min          2.085879e+00
Fwd Packet Length Mean         8.628973e+01
Fwd Packet Length Std          1.334744e+02

=== Behavior score 분위수 (정상 분포 기준) ===
  Data volume: p90=2.576e+04, p99=2.596e+05
  Flow duration: p90=7.269e+07, p99=9.29e+07
  IAT timing: p90=2.111e+07, p99=3.355e+07
  Idle / active timing: p90=2.295e+07, p99=2.932e+07
  Other features: p90=8.719e+04, p99=2.182e+06
  Protocol / flags: p90=0.1313, p99=0.9151

=== 이상 샘플 예시: feature-level vs behavior-level ===

--- 샘플 1 | label=anomaly ---
Feature explanation (상위 deviation):
  Flow Duration dev=1.713e+07, Fwd IAT Total dev=1.584e+07, Bwd IAT Total dev=1.424e+07, Flow IAT Max dev=1.033e+07, Fwd IAT Max dev=9.518e+06, Bwd IAT Max dev=7.592e+06
Proposed (behavior deviation):
  Data volume: 1.65e+04 → normal
  Flow duration: 1.713e+07 → normal
  IAT timing: 5.517e+06 → normal
  Idle / active timing: 5.031e+06 → normal
  Other features: 8.721e+04 → ↑
  Protocol / flags: 0.04825 → normal

--- 샘플 2 | label=anomaly ---
Feature explanation (상위 deviation):
  Bwd IAT Total dev=7.777e+07, Fwd IAT Total dev=7.608e+07, Flow Duration dev=7.481e+07, Idle Min dev=3.962e+07, Idle Mean dev=3.864e+07, Idle Max dev=3.773e+07
Proposed (behavior deviation):
  Data volume: 1.492e+04 → normal
  Flow duration: 7.481e+07 → ↑
  IAT timing: 2.28e+07 → ↑
  Idle / active timing: 2.928e+07 → ↑
  Other features: 4.671e+05 → ↑
  Protocol / flags: 0.04825 → normal

========================================================================
# COMPARISON (same rows across variants)
# n_elevated = count of behavior groups with ↑ or ↑↑ for that sample.
========================================================================

--- Row index 4944 ---
  coarse        n_elevated=1  |  --- 샘플 1 | label=anomaly ---
  baseline      n_elevated=1  |  --- 샘플 1 | label=anomaly ---
  fine          n_elevated=1  |  --- 샘플 1 | label=anomaly ---
  spread(max-min)=0  (0 => identical elevation count across variants)

--- Row index 4837 ---
  coarse        n_elevated=2  |  --- 샘플 2 | label=anomaly ---
  baseline      n_elevated=2  |  --- 샘플 2 | label=anomaly ---
  fine          n_elevated=4  |  --- 샘플 2 | label=anomaly ---
  spread(max-min)=2  (0 => identical elevation count across variants)
